SF:/home/raiden/Dropbox/Projects/grunt-excision/tasks/excision.js
DA:1,1
DA:2,3
DA:4,3
DA:6,3
DA:7,11
DA:9,11
DA:11,11
DA:12,2
DA:15,8
DA:16,7
DA:21,7
DA:22,4
DA:25,4
DA:28,7
DA:29,3
DA:32,3
DA:33,2
DA:36,3
DA:38,3
DA:39,2
DA:43,5
DA:44,5
DA:48,3
end_of_record
SF:/home/raiden/Dropbox/Projects/grunt-excision/tasks/lib/excision.js
DA:1,1
DA:6,1
DA:8,6
DA:9,20
DA:12,6
DA:14,22
DA:16,22
DA:17,5
DA:18,1
DA:21,17
DA:22,4
DA:23,4
DA:27,13
DA:30,22
DA:34,15
DA:36,6
DA:38,2
DA:39,2
DA:42,4
DA:44,3
DA:45,3
DA:48,1
DA:49,1
DA:53,9
DA:54,3
DA:55,3
DA:57,6
DA:59,5
DA:60,2
DA:61,2
DA:62,2
DA:66,3
DA:67,3
DA:71,1
DA:76,3
DA:77,3
DA:78,3
DA:82,2
DA:84,2
DA:88,2
DA:92,3
DA:93,3
DA:97,2
DA:101,5
DA:104,5
DA:107,3
DA:109,3
DA:111,2
DA:112,1
DA:115,1
DA:116,1
DA:120,1
DA:121,1
DA:124,3
DA:127,2
DA:128,2
DA:130,2
DA:131,1
DA:134,1
DA:137,2
DA:140,5
DA:144,23
DA:146,3
DA:147,3
DA:148,3
DA:149,3
DA:152,2
DA:153,2
DA:154,2
DA:155,2
DA:158,3
DA:159,3
DA:160,3
DA:161,3
DA:164,2
DA:165,2
DA:166,2
DA:167,2
DA:170,3
DA:171,3
DA:172,3
DA:173,3
DA:176,2
DA:177,2
DA:178,2
DA:181,3
DA:182,5
DA:184,3
DA:187,5
DA:188,5
end_of_record
SF:/home/raiden/Dropbox/Projects/grunt-excision/tasks/lib/isolate.js
DA:1,1
DA:5,1
DA:6,2
DA:11,2
DA:13,0
DA:16,2
DA:17,2
DA:19,0
DA:23,2
DA:24,0
DA:25,0
DA:29,2
DA:32,1
end_of_record
SF:/home/raiden/Dropbox/Projects/grunt-excision/tasks/lib/runner.js
DA:1,1
DA:2,6
DA:4,6
DA:5,8
DA:9,1
DA:11,4
DA:12,4
DA:16,1
DA:17,12
DA:18,12
DA:21,12
DA:22,12
DA:25,12
DA:26,20
DA:27,4
DA:28,0
DA:31,16
DA:32,8
DA:36,12
DA:39,1
end_of_record
